<?xml version="1.0" encoding="UTF-8"?>
<testsuite xmlns:xsi="http://www.w3.org/2001/XMLSchema-instance" xsi:noNamespaceSchemaLocation="https://maven.apache.org/surefire/maven-surefire-plugin/xsd/surefire-test-report.xsd" name="ca.ingeno.rental.service.RentalServiceTest" time="1.284" tests="3" errors="0" skipped="0" failures="0">
  <properties>
[...]
</properties>
  <testcase name="getAllRentals" classname="ca.ingeno.rental.service.RentalServiceTest" time="1.234"/>
  <testcase name="getRentalsByFilter" classname="ca.ingeno.rental.service.RentalServiceTest" time="0.009"/>
  <testcase name="getRentalById" classname="ca.ingeno.rental.service.RentalServiceTest" time="0.028"/>
</testsuite>